{"level":"info","message":"Docker service initialized","options":"{\n  \"socketPath\": \"//./pipe/docker_engine\"\n}","platform":"win32","service":"code-execution-backend","timestamp":"2025-09-26T05:58:37.519Z"}
{"error":"connect ENOENT //./pipe/docker_engine","level":"error","message":"Docker connection test failed","service":"code-execution-backend","timestamp":"2025-09-26T06:06:36.216Z"}
{"level":"error","message":"Failed to start interactive container: Docker connection failed: connect ENOENT //./pipe/docker_engine","service":"code-execution-backend","sessionId":"7c8a6e97-06a8-4a29-b05d-2cb9de7de94e","timestamp":"2025-09-26T06:06:36.219Z"}
{"error":"connect ENOENT //./pipe/docker_engine","level":"error","message":"Docker connection test failed","service":"code-execution-backend","timestamp":"2025-09-26T06:06:43.572Z"}
{"level":"error","message":"Failed to start interactive container: Docker connection failed: connect ENOENT //./pipe/docker_engine","service":"code-execution-backend","sessionId":"8188cf46-1147-4378-a75e-479a3396f986","timestamp":"2025-09-26T06:06:43.574Z"}
{"error":"connect ENOENT //./pipe/docker_engine","level":"error","message":"Docker connection test failed","service":"code-execution-backend","timestamp":"2025-09-26T06:09:37.686Z"}
{"level":"error","message":"Failed to start interactive container: Docker connection failed: connect ENOENT //./pipe/docker_engine","service":"code-execution-backend","sessionId":"a6a5dc23-66ff-409d-af35-b42a9ffd17f4","timestamp":"2025-09-26T06:09:37.688Z"}
{"error":"connect ENOENT //./pipe/docker_engine","level":"error","message":"Docker connection test failed","service":"code-execution-backend","timestamp":"2025-09-26T06:09:43.068Z"}
{"level":"error","message":"Failed to start interactive container: Docker connection failed: connect ENOENT //./pipe/docker_engine","service":"code-execution-backend","sessionId":"8f3a0539-4abd-425e-b83a-114a35046c96","timestamp":"2025-09-26T06:09:43.070Z"}
{"image":"node:18-alpine","level":"info","message":"Started interactive terminal container","service":"code-execution-backend","sessionId":"0c85e721-b27b-48a1-b422-d58bcce37029","timestamp":"2025-09-26T06:11:49.950Z"}
{"image":"node:18-alpine","level":"info","message":"Started interactive terminal container","service":"code-execution-backend","sessionId":"ed42b351-fc65-46b2-991e-ff9f0b283281","timestamp":"2025-09-26T06:12:49.621Z"}
{"image":"node:18-alpine","level":"info","message":"Started interactive terminal container","service":"code-execution-backend","sessionId":"b7a34f3a-a94c-41da-9d72-28f41c9d82e6","timestamp":"2025-09-26T06:15:23.041Z"}
{"image":"node:18-alpine","level":"info","message":"Started interactive terminal container","service":"code-execution-backend","sessionId":"f2475483-6fbd-4141-bce5-fec16e009dfa","timestamp":"2025-09-26T06:18:35.463Z"}
{"image":"node:18-alpine","level":"info","message":"Started interactive terminal container","service":"code-execution-backend","sessionId":"68e3cd0f-3b58-4bae-97e1-ad0e6c5bfb71","timestamp":"2025-09-26T06:18:56.623Z"}
{"level":"info","message":"Docker service initialized","options":"{\n  \"socketPath\": \"//./pipe/docker_engine\"\n}","platform":"win32","service":"code-execution-backend","timestamp":"2025-09-26T06:26:28.910Z"}
{"image":"node:18-alpine","level":"info","message":"Started interactive terminal container","service":"code-execution-backend","sessionId":"35857867-de95-4ecf-80f4-15f91ae215cf","timestamp":"2025-09-26T06:33:51.376Z"}
{"image":"node:18-alpine","level":"info","message":"Started interactive terminal container","service":"code-execution-backend","sessionId":"9104b713-df65-4de8-b440-e65d142101fc","timestamp":"2025-09-26T06:50:51.279Z"}
{"image":"node:18-alpine","level":"info","message":"Started interactive terminal container","service":"code-execution-backend","sessionId":"c1e982ac-0a53-4706-b513-49b7fd0555bf","timestamp":"2025-09-26T06:52:41.918Z"}
{"image":"node:18-alpine","level":"info","message":"Started interactive terminal container","service":"code-execution-backend","sessionId":"cd38f85f-c010-417d-96f9-bc32dc651048","timestamp":"2025-09-26T07:07:33.166Z"}
{"image":"node:18-alpine","level":"info","message":"Started interactive terminal container","service":"code-execution-backend","sessionId":"ac1836bf-901f-4f53-909c-34c1ae9a5e78","timestamp":"2025-09-26T07:17:36.052Z"}
{"image":"node:18-alpine","level":"info","message":"Started interactive terminal container","service":"code-execution-backend","sessionId":"c6788e73-bbf8-43d8-8620-21971301564f","timestamp":"2025-09-26T07:18:12.178Z"}
{"image":"node:18-alpine","level":"info","message":"Started interactive terminal container","service":"code-execution-backend","sessionId":"da24bafc-79ff-4c1c-87c2-0b8b48719da5","timestamp":"2025-09-26T07:18:40.128Z"}
{"image":"node:18-alpine","level":"info","message":"Started interactive terminal container","service":"code-execution-backend","sessionId":"ed2de4b4-0812-4cbf-abcc-a41cc1416910","timestamp":"2025-09-26T07:22:21.559Z"}
{"image":"node:18-alpine","level":"info","message":"Started interactive terminal container","service":"code-execution-backend","sessionId":"04058811-c77c-4777-9165-031cac0d7ea6","timestamp":"2025-09-26T07:22:26.673Z"}
{"image":"node:18-alpine","level":"info","message":"Started interactive terminal container","service":"code-execution-backend","sessionId":"831a6001-1b80-41c1-b587-c6d31e3c9ec6","timestamp":"2025-09-26T07:26:49.045Z"}
{"image":"node:18-alpine","level":"info","message":"Started interactive terminal container","service":"code-execution-backend","sessionId":"670968ab-ae95-4754-bec8-7a52ba8295ae","timestamp":"2025-09-26T07:29:38.618Z"}
{"image":"node:18-alpine","level":"info","message":"Started interactive terminal container","service":"code-execution-backend","sessionId":"803580c5-8c69-4d79-b716-353414f1e452","timestamp":"2025-09-26T07:31:39.958Z"}
{"image":"node:18-alpine","level":"info","message":"Started interactive terminal container","service":"code-execution-backend","sessionId":"6fe26c9e-c6af-48e4-acda-9ae4c244db55","timestamp":"2025-09-26T07:34:10.841Z"}
{"image":"node:18-alpine","level":"info","message":"Started interactive terminal container","service":"code-execution-backend","sessionId":"24cb3675-1cfb-4a69-942a-a28f2934afdf","timestamp":"2025-09-26T07:34:15.316Z"}
{"image":"node:18-alpine","level":"info","message":"Started interactive terminal container","service":"code-execution-backend","sessionId":"f2366c60-60d5-4928-b94f-6268b79ddc5e","timestamp":"2025-09-26T07:34:18.700Z"}
{"image":"node:18-alpine","level":"info","message":"Started interactive terminal container","service":"code-execution-backend","sessionId":"209dc4a2-14e1-4994-8813-5a874e53ef65","timestamp":"2025-09-26T07:34:28.677Z"}
{"image":"node:18-alpine","level":"info","message":"Started interactive terminal container","service":"code-execution-backend","sessionId":"cf7b9726-f8e5-4fc4-bf4f-5aef4db2ba66","timestamp":"2025-09-26T07:38:01.546Z"}
{"image":"node:18-alpine","level":"info","message":"Started interactive terminal container","service":"code-execution-backend","sessionId":"797f9689-f523-4806-8bf2-c6ca4b622981","timestamp":"2025-09-26T07:38:50.395Z"}
{"level":"info","message":"Docker service initialized","options":"{\n  \"socketPath\": \"//./pipe/docker_engine\"\n}","platform":"win32","service":"code-execution-backend","timestamp":"2025-09-26T08:41:31.614Z"}
{"error":"connect ENOENT //./pipe/docker_engine","level":"error","message":"Docker connection test failed","service":"code-execution-backend","timestamp":"2025-09-26T08:50:23.658Z"}
{"level":"error","message":"Failed to start interactive container: Docker connection failed: connect ENOENT //./pipe/docker_engine","service":"code-execution-backend","sessionId":"7d65b05d-e536-4c6c-8254-cc6f72f94b3f","timestamp":"2025-09-26T08:50:23.665Z"}
{"error":"connect ENOENT //./pipe/docker_engine","level":"error","message":"Docker connection test failed","service":"code-execution-backend","timestamp":"2025-09-26T09:02:36.087Z"}
{"level":"error","message":"Failed to start interactive container: Docker connection failed: connect ENOENT //./pipe/docker_engine","service":"code-execution-backend","sessionId":"3a9cb911-a91e-4467-b1dd-6f64468debf1","timestamp":"2025-09-26T09:02:36.095Z"}
{"level":"info","message":"Docker service initialized","options":"{\n  \"socketPath\": \"//./pipe/docker_engine\"\n}","platform":"win32","service":"code-execution-backend","timestamp":"2025-09-30T02:52:26.109Z"}
{"image":"gcc:latest","level":"info","message":"Started interactive terminal container","service":"code-execution-backend","sessionId":"27f96d44-794d-494f-a294-98a0b38433f6","timestamp":"2025-09-30T02:52:26.374Z"}
{"level":"info","message":"Docker service initialized","options":"{\n  \"socketPath\": \"//./pipe/docker_engine\"\n}","platform":"win32","service":"code-execution-backend","timestamp":"2025-09-30T02:53:08.204Z"}
{"image":"gcc:latest","level":"info","message":"Started interactive terminal container","service":"code-execution-backend","sessionId":"5130ca4f-1389-4291-a3fd-172d2f619004","timestamp":"2025-09-30T02:53:08.457Z"}
{"level":"info","message":"Docker service initialized","options":"{\n  \"socketPath\": \"//./pipe/docker_engine\"\n}","platform":"win32","service":"code-execution-backend","timestamp":"2025-09-30T02:53:59.467Z"}
{"image":"gcc:latest","level":"info","message":"Started interactive terminal container","service":"code-execution-backend","sessionId":"c36b8e34-71a8-4f16-b3ac-e12f38fd05e0","timestamp":"2025-09-30T02:53:59.788Z"}
{"level":"info","message":"Docker service initialized","options":"{\n  \"socketPath\": \"//./pipe/docker_engine\"\n}","platform":"win32","service":"code-execution-backend","timestamp":"2025-09-30T02:54:49.713Z"}
{"image":"gcc:latest","level":"info","message":"Started interactive terminal container","service":"code-execution-backend","sessionId":"559767fc-9b7b-4cdf-9d68-ee6ddf83607d","timestamp":"2025-09-30T02:54:49.984Z"}
{"level":"info","message":"Docker service initialized","options":"{\n  \"socketPath\": \"//./pipe/docker_engine\"\n}","platform":"win32","service":"code-execution-backend","timestamp":"2025-09-30T02:55:31.057Z"}
{"image":"gcc:latest","level":"info","message":"Started interactive terminal container","service":"code-execution-backend","sessionId":"fa92d1a2-4021-4794-bb32-289390f7e1e4","timestamp":"2025-09-30T02:55:31.316Z"}
{"level":"info","message":"Docker service initialized","options":"{\n  \"socketPath\": \"//./pipe/docker_engine\"\n}","platform":"win32","service":"code-execution-backend","timestamp":"2025-09-30T02:56:01.687Z"}
{"image":"gcc:latest","level":"info","message":"Started interactive terminal container","service":"code-execution-backend","sessionId":"02f29937-6ef7-4eee-8254-9f1e3c5bccbd","timestamp":"2025-09-30T02:56:01.973Z"}
{"level":"info","message":"Docker service initialized","options":"{\n  \"socketPath\": \"//./pipe/docker_engine\"\n}","platform":"win32","service":"code-execution-backend","timestamp":"2025-09-30T02:56:37.647Z"}
{"image":"gcc:latest","level":"info","message":"Started interactive terminal container","service":"code-execution-backend","sessionId":"b9b0be30-8746-4e4f-a40a-097998975e15","timestamp":"2025-09-30T02:56:37.912Z"}
{"level":"info","message":"Docker service initialized","options":"{\n  \"socketPath\": \"//./pipe/docker_engine\"\n}","platform":"win32","service":"code-execution-backend","timestamp":"2025-09-30T02:57:16.307Z"}
{"image":"gcc:latest","level":"info","message":"Started interactive terminal container","service":"code-execution-backend","sessionId":"417e3919-bf22-4017-b257-963ad3ba330c","timestamp":"2025-09-30T02:57:16.574Z"}
{"level":"info","message":"Docker service initialized","options":"{\n  \"socketPath\": \"//./pipe/docker_engine\"\n}","platform":"win32","service":"code-execution-backend","timestamp":"2025-09-30T04:35:16.044Z"}
{"image":"node:18-alpine","level":"info","message":"Started interactive terminal container","service":"code-execution-backend","sessionId":"624a5d81-e487-45a7-bfdd-835f70fa7567","timestamp":"2025-09-30T04:35:37.563Z"}
{"image":"gcc:latest","level":"info","message":"Started interactive terminal container","service":"code-execution-backend","sessionId":"ad1d4e36-2ed8-4988-b012-d07eec33d984","timestamp":"2025-09-30T04:35:47.141Z"}
