{"level":"info","message":"Code execution backend started on port 3001","service":"code-execution-backend","timestamp":"2025-09-23T05:12:20.191Z"}
{"level":"info","message":"Environment: development","service":"code-execution-backend","timestamp":"2025-09-23T05:12:20.195Z"}
{"level":"info","message":"Health check: http://localhost:3001/health","service":"code-execution-backend","timestamp":"2025-09-23T05:12:20.195Z"}
{"ip":"::1","level":"warn","message":"Invalid API key attempt","providedKey":"your-api...","service":"code-execution-backend","timestamp":"2025-09-23T05:18:55.659Z","userAgent":"Mozilla/5.0 (Windows NT; Windows NT 10.0; en-US) WindowsPowerShell/5.1.26100.6584"}
{"ip":"::1","level":"warn","message":"Invalid API key attempt","providedKey":"your-api...","service":"code-execution-backend","timestamp":"2025-09-23T05:19:04.464Z","userAgent":"Mozilla/5.0 (Windows NT; Windows NT 10.0; en-US) WindowsPowerShell/5.1.26100.6584"}
{"level":"info","message":"SIGINT received, starting graceful shutdown","service":"code-execution-backend","timestamp":"2025-09-23T05:21:32.039Z"}
{"level":"info","message":"Code execution backend started on port 3001","service":"code-execution-backend","timestamp":"2025-09-23T05:21:35.755Z"}
{"level":"info","message":"Environment: development","service":"code-execution-backend","timestamp":"2025-09-23T05:21:35.758Z"}
{"level":"info","message":"Health check: http://localhost:3001/health","service":"code-execution-backend","timestamp":"2025-09-23T05:21:35.758Z"}
{"level":"info","message":"SIGINT received, starting graceful shutdown","service":"code-execution-backend","timestamp":"2025-09-23T05:22:07.480Z"}
{"level":"info","message":"Code execution backend started on port 3001","service":"code-execution-backend","timestamp":"2025-09-23T05:22:11.929Z"}
{"level":"info","message":"Environment: development","service":"code-execution-backend","timestamp":"2025-09-23T05:22:11.932Z"}
{"level":"info","message":"Health check: http://localhost:3001/health","service":"code-execution-backend","timestamp":"2025-09-23T05:22:11.932Z"}
{"codeLength":22,"inputLength":0,"language":"python","level":"info","message":"Code execution request","requestId":"6cbe148a-0a45-44b5-9636-7f178245f8bb","service":"code-execution-backend","timeout":10000,"timestamp":"2025-09-23T05:22:26.179Z"}
{"level":"warn","message":"Failed to kill timed out container: (HTTP code 404) no such container - cannot kill container: 7c8a9735643e8c5e152dfa2997bb81e8fe0f622e5496a116a0d4812928f5d4e9: No such container: 7c8a9735643e8c5e152dfa2997bb81e8fe0f622e5496a116a0d4812928f5d4e9 ","service":"code-execution-backend","timestamp":"2025-09-23T05:22:36.600Z"}
{"codeLength":22,"inputLength":0,"language":"python","level":"info","message":"Code execution request","requestId":"6836fb02-a576-48b8-9ad1-4af3e9565584","service":"code-execution-backend","timeout":10000,"timestamp":"2025-09-23T05:25:29.419Z"}
{"level":"warn","message":"Failed to kill timed out container: (HTTP code 404) no such container - cannot kill container: 380a216d06275028cea3c3d2fc4aacff3f74ce6a1fe98ebd8edb3e94135c4344: No such container: 380a216d06275028cea3c3d2fc4aacff3f74ce6a1fe98ebd8edb3e94135c4344 ","service":"code-execution-backend","timestamp":"2025-09-23T05:25:39.672Z"}
{"level":"info","message":"Code execution backend started on port 3001","service":"code-execution-backend","timestamp":"2025-09-23T05:27:57.420Z"}
{"level":"info","message":"Environment: development","service":"code-execution-backend","timestamp":"2025-09-23T05:27:57.423Z"}
{"level":"info","message":"Health check: http://localhost:3001/health","service":"code-execution-backend","timestamp":"2025-09-23T05:27:57.424Z"}
{"level":"info","message":"Code execution backend started on port 3001","service":"code-execution-backend","timestamp":"2025-09-23T05:28:58.510Z"}
{"level":"info","message":"Environment: development","service":"code-execution-backend","timestamp":"2025-09-23T05:28:58.513Z"}
{"level":"info","message":"Health check: http://localhost:3001/health","service":"code-execution-backend","timestamp":"2025-09-23T05:28:58.513Z"}
{"error":"Bad escaped character in JSON at position 52 (line 1 column 53)","level":"error","message":"Unhandled error","method":"POST","path":"/api/execute","service":"code-execution-backend","stack":"SyntaxError: Bad escaped character in JSON at position 52 (line 1 column 53)\n    at JSON.parse (<anonymous>)\n    at parse (C:\\dev\\codejoin-new\\code-execution-backend\\node_modules\\body-parser\\lib\\types\\json.js:92:19)\n    at C:\\dev\\codejoin-new\\code-execution-backend\\node_modules\\body-parser\\lib\\read.js:128:18\n    at AsyncResource.runInAsyncScope (node:async_hooks:211:14)\n    at invokeCallback (C:\\dev\\codejoin-new\\code-execution-backend\\node_modules\\raw-body\\index.js:238:16)\n    at done (C:\\dev\\codejoin-new\\code-execution-backend\\node_modules\\raw-body\\index.js:227:7)\n    at IncomingMessage.onEnd (C:\\dev\\codejoin-new\\code-execution-backend\\node_modules\\raw-body\\index.js:287:7)\n    at IncomingMessage.emit (node:events:518:28)\n    at endReadableNT (node:internal/streams/readable:1698:12)\n    at process.processTicksAndRejections (node:internal/process/task_queues:90:21)","timestamp":"2025-09-23T05:29:25.970Z"}
{"error":"Bad escaped character in JSON at position 53 (line 1 column 54)","level":"error","message":"Unhandled error","method":"POST","path":"/api/execute","service":"code-execution-backend","stack":"SyntaxError: Bad escaped character in JSON at position 53 (line 1 column 54)\n    at JSON.parse (<anonymous>)\n    at parse (C:\\dev\\codejoin-new\\code-execution-backend\\node_modules\\body-parser\\lib\\types\\json.js:92:19)\n    at C:\\dev\\codejoin-new\\code-execution-backend\\node_modules\\body-parser\\lib\\read.js:128:18\n    at AsyncResource.runInAsyncScope (node:async_hooks:211:14)\n    at invokeCallback (C:\\dev\\codejoin-new\\code-execution-backend\\node_modules\\raw-body\\index.js:238:16)\n    at done (C:\\dev\\codejoin-new\\code-execution-backend\\node_modules\\raw-body\\index.js:227:7)\n    at IncomingMessage.onEnd (C:\\dev\\codejoin-new\\code-execution-backend\\node_modules\\raw-body\\index.js:287:7)\n    at IncomingMessage.emit (node:events:518:28)\n    at endReadableNT (node:internal/streams/readable:1698:12)\n    at process.processTicksAndRejections (node:internal/process/task_queues:90:21)","timestamp":"2025-09-23T05:29:38.084Z"}
{"ip":"::1","level":"warn","message":"Invalid API key attempt","providedKey":"change-m...","service":"code-execution-backend","timestamp":"2025-09-23T05:29:58.609Z","userAgent":"curl/8.12.1"}
{"codeLength":22,"inputLength":0,"language":"python","level":"info","message":"Code execution request","requestId":"be4203a7-87df-4f9d-b252-d1ec8e268d85","service":"code-execution-backend","timeout":10000,"timestamp":"2025-09-23T05:30:16.006Z"}
{"level":"warn","message":"Failed to kill timed out container: (HTTP code 404) no such container - cannot kill container: 44e369e1bc554e5aa92b77fb053b4e7e6637a8ec0106c46ad7295fccaf681182: No such container: 44e369e1bc554e5aa92b77fb053b4e7e6637a8ec0106c46ad7295fccaf681182 ","service":"code-execution-backend","timestamp":"2025-09-23T05:30:26.314Z"}
{"codeLength":22,"inputLength":0,"language":"python","level":"info","message":"Code execution request","requestId":"f069ad34-6ab8-4b7b-ae23-73fb0af8f890","service":"code-execution-backend","timeout":10000,"timestamp":"2025-09-23T05:37:10.930Z"}
{"level":"warn","message":"Failed to kill timed out container: (HTTP code 404) no such container - cannot kill container: e6431eba332bef4f407579caee477365430a0b35b42468e75c100823ef189e5c: No such container: e6431eba332bef4f407579caee477365430a0b35b42468e75c100823ef189e5c ","service":"code-execution-backend","timestamp":"2025-09-23T05:37:21.281Z"}
{"level":"info","message":"Code execution backend started on port 3001","service":"code-execution-backend","timestamp":"2025-09-23T05:40:16.213Z"}
{"level":"info","message":"Environment: development","service":"code-execution-backend","timestamp":"2025-09-23T05:40:16.216Z"}
{"level":"info","message":"Health check: http://localhost:3001/health","service":"code-execution-backend","timestamp":"2025-09-23T05:40:16.216Z"}
{"codeLength":22,"inputLength":0,"language":"python","level":"info","message":"Code execution request","requestId":"a10efdcf-ac33-4ab6-a5e1-385b731f50cc","service":"code-execution-backend","timeout":10000,"timestamp":"2025-09-23T05:40:26.399Z"}
{"level":"warn","message":"Failed to kill timed out container: (HTTP code 404) no such container - cannot kill container: 392dd5bff8d38a915b6bbb66ad17a48811783667973b158868e86750b30af90b: No such container: 392dd5bff8d38a915b6bbb66ad17a48811783667973b158868e86750b30af90b ","service":"code-execution-backend","timestamp":"2025-09-23T05:40:36.684Z"}
